<?xml version="1.0" encoding="UTF-8"?>
<testsuite name="com.yubron.board.springboot.web.PostsApiControllerTest" tests="2" skipped="0" failures="0" errors="0" timestamp="2020-08-03T11:36:03" hostname="jinui-MacBookPro.local" time="0.395">
  <properties/>
  <testcase name="Posts_등록된다" classname="com.yubron.board.springboot.web.PostsApiControllerTest" time="0.319"/>
  <testcase name="Posts_수정된다" classname="com.yubron.board.springboot.web.PostsApiControllerTest" time="0.073"/>
  <system-out><![CDATA[2020-08-03 20:36:03.508  INFO 72502 --- [    Test worker] .b.t.c.SpringBootTestContextBootstrapper : Neither @ContextConfiguration nor @ContextHierarchy found for test class [com.yubron.board.springboot.web.PostsApiControllerTest], using SpringBootContextLoader
2020-08-03 20:36:03.510  INFO 72502 --- [    Test worker] o.s.t.c.support.AbstractContextLoader    : Could not detect default resource locations for test class [com.yubron.board.springboot.web.PostsApiControllerTest]: no resource found for suffixes {-context.xml, Context.groovy}.
2020-08-03 20:36:03.511  INFO 72502 --- [    Test worker] t.c.s.AnnotationConfigContextLoaderUtils : Could not detect default configuration classes for test class [com.yubron.board.springboot.web.PostsApiControllerTest]: PostsApiControllerTest does not declare any static, non-private, non-final, nested classes annotated with @Configuration.
2020-08-03 20:36:03.514  INFO 72502 --- [    Test worker] .b.t.c.SpringBootTestContextBootstrapper : Found @SpringBootConfiguration com.yubron.board.springboot.Application for test class com.yubron.board.springboot.web.PostsApiControllerTest
2020-08-03 20:36:03.518  INFO 72502 --- [    Test worker] .b.t.c.SpringBootTestContextBootstrapper : Loaded default TestExecutionListener class names from location [META-INF/spring.factories]: [org.springframework.security.test.context.support.WithSecurityContextTestExecutionListener, org.springframework.security.test.context.support.ReactorContextTestExecutionListener, org.springframework.boot.test.autoconfigure.restdocs.RestDocsTestExecutionListener, org.springframework.boot.test.autoconfigure.web.client.MockRestServiceServerResetTestExecutionListener, org.springframework.boot.test.autoconfigure.web.servlet.MockMvcPrintOnlyOnFailureTestExecutionListener, org.springframework.boot.test.autoconfigure.web.servlet.WebDriverTestExecutionListener, org.springframework.boot.test.mock.mockito.MockitoTestExecutionListener, org.springframework.boot.test.mock.mockito.ResetMocksTestExecutionListener, org.springframework.test.context.web.ServletTestExecutionListener, org.springframework.test.context.support.DirtiesContextBeforeModesTestExecutionListener, org.springframework.test.context.support.DependencyInjectionTestExecutionListener, org.springframework.test.context.support.DirtiesContextTestExecutionListener, org.springframework.test.context.transaction.TransactionalTestExecutionListener, org.springframework.test.context.jdbc.SqlScriptsTestExecutionListener]
2020-08-03 20:36:03.525  INFO 72502 --- [    Test worker] .b.t.c.SpringBootTestContextBootstrapper : Using TestExecutionListeners: [org.springframework.test.context.web.ServletTestExecutionListener@7cacd582, org.springframework.test.context.support.DirtiesContextBeforeModesTestExecutionListener@1184b5ca, org.springframework.boot.test.mock.mockito.MockitoTestExecutionListener@7b4b9a1a, org.springframework.boot.test.autoconfigure.SpringBootDependencyInjectionTestExecutionListener@650203c, org.springframework.test.context.support.DirtiesContextTestExecutionListener@1c4af5b1, org.springframework.test.context.transaction.TransactionalTestExecutionListener@28d42917, org.springframework.test.context.jdbc.SqlScriptsTestExecutionListener@fe8fd5d, org.springframework.security.test.context.support.WithSecurityContextTestExecutionListener@8be7d5c, org.springframework.security.test.context.support.ReactorContextTestExecutionListener@4392f687, org.springframework.boot.test.autoconfigure.restdocs.RestDocsTestExecutionListener@4a87f373, org.springframework.boot.test.autoconfigure.web.client.MockRestServiceServerResetTestExecutionListener@24dfd6b, org.springframework.boot.test.autoconfigure.web.servlet.MockMvcPrintOnlyOnFailureTestExecutionListener@796234e3, org.springframework.boot.test.autoconfigure.web.servlet.WebDriverTestExecutionListener@2d90d386, org.springframework.boot.test.mock.mockito.ResetMocksTestExecutionListener@5879b12c]
2020-08-03 20:36:03.568  INFO 72502 --- [    Test worker] o.a.c.c.C.[Tomcat].[localhost].[/]       : Initializing Spring TestDispatcherServlet ''
2020-08-03 20:36:03.568  INFO 72502 --- [    Test worker] o.s.t.web.servlet.TestDispatcherServlet  : Initializing Servlet ''
2020-08-03 20:36:03.575  INFO 72502 --- [    Test worker] o.s.t.web.servlet.TestDispatcherServlet  : Completed initialization in 7 ms
Hibernate: insert into posts (id, created_date, modified_date, author, content, title) values (null, ?, ?, ?, ?, ?)
Hibernate: select posts0_.id as id1_0_, posts0_.created_date as created_2_0_, posts0_.modified_date as modified3_0_, posts0_.author as author4_0_, posts0_.content as content5_0_, posts0_.title as title6_0_ from posts posts0_
Hibernate: select posts0_.id as id1_0_, posts0_.created_date as created_2_0_, posts0_.modified_date as modified3_0_, posts0_.author as author4_0_, posts0_.content as content5_0_, posts0_.title as title6_0_ from posts posts0_
Hibernate: delete from posts where id=?
2020-08-03 20:36:03.872  INFO 72502 --- [    Test worker] o.a.c.c.C.[Tomcat].[localhost].[/]       : Initializing Spring TestDispatcherServlet ''
2020-08-03 20:36:03.877  INFO 72502 --- [    Test worker] o.s.t.web.servlet.TestDispatcherServlet  : Initializing Servlet ''
2020-08-03 20:36:03.891  INFO 72502 --- [    Test worker] o.s.t.web.servlet.TestDispatcherServlet  : Completed initialization in 13 ms
Hibernate: insert into posts (id, created_date, modified_date, author, content, title) values (null, ?, ?, ?, ?, ?)
Hibernate: select posts0_.id as id1_0_0_, posts0_.created_date as created_2_0_0_, posts0_.modified_date as modified3_0_0_, posts0_.author as author4_0_0_, posts0_.content as content5_0_0_, posts0_.title as title6_0_0_ from posts posts0_ where posts0_.id=?
Hibernate: update posts set created_date=?, modified_date=?, author=?, content=?, title=? where id=?
Hibernate: select posts0_.id as id1_0_, posts0_.created_date as created_2_0_, posts0_.modified_date as modified3_0_, posts0_.author as author4_0_, posts0_.content as content5_0_, posts0_.title as title6_0_ from posts posts0_
Hibernate: select posts0_.id as id1_0_, posts0_.created_date as created_2_0_, posts0_.modified_date as modified3_0_, posts0_.author as author4_0_, posts0_.content as content5_0_, posts0_.title as title6_0_ from posts posts0_
Hibernate: delete from posts where id=?
]]></system-out>
  <system-err><![CDATA[]]></system-err>
</testsuite>
