<?xml version="1.0" encoding="UTF-8"?>
<testsuite name="com.yubron.board.springboot.web.HelloControllerTest" tests="2" skipped="0" failures="0" errors="0" timestamp="2020-08-03T11:35:36" hostname="jinui-MacBookPro.local" time="0.545">
  <properties/>
  <testcase name="hello가_리턴된다" classname="com.yubron.board.springboot.web.HelloControllerTest" time="0.426"/>
  <testcase name="helloDto가_리턴된다" classname="com.yubron.board.springboot.web.HelloControllerTest" time="0.117"/>
  <system-out><![CDATA[20:35:13.914 [Test worker] DEBUG org.springframework.test.context.junit4.SpringJUnit4ClassRunner - SpringJUnit4ClassRunner constructor called with [class com.yubron.board.springboot.web.HelloControllerTest]
20:35:14.004 [Test worker] DEBUG org.springframework.test.context.BootstrapUtils - Instantiating CacheAwareContextLoaderDelegate from class [org.springframework.test.context.cache.DefaultCacheAwareContextLoaderDelegate]
20:35:14.034 [Test worker] DEBUG org.springframework.test.context.BootstrapUtils - Instantiating BootstrapContext using constructor [public org.springframework.test.context.support.DefaultBootstrapContext(java.lang.Class,org.springframework.test.context.CacheAwareContextLoaderDelegate)]
20:35:14.115 [Test worker] DEBUG org.springframework.test.context.BootstrapUtils - Instantiating TestContextBootstrapper for test class [com.yubron.board.springboot.web.HelloControllerTest] from class [org.springframework.boot.test.autoconfigure.web.servlet.WebMvcTestContextBootstrapper]
20:35:14.196 [Test worker] INFO org.springframework.boot.test.autoconfigure.web.servlet.WebMvcTestContextBootstrapper - Neither @ContextConfiguration nor @ContextHierarchy found for test class [com.yubron.board.springboot.web.HelloControllerTest], using SpringBootContextLoader
20:35:14.202 [Test worker] DEBUG org.springframework.test.context.support.AbstractContextLoader - Did not detect default resource location for test class [com.yubron.board.springboot.web.HelloControllerTest]: class path resource [com/yubron/board/springboot/web/HelloControllerTest-context.xml] does not exist
20:35:14.205 [Test worker] DEBUG org.springframework.test.context.support.AbstractContextLoader - Did not detect default resource location for test class [com.yubron.board.springboot.web.HelloControllerTest]: class path resource [com/yubron/board/springboot/web/HelloControllerTestContext.groovy] does not exist
20:35:14.206 [Test worker] INFO org.springframework.test.context.support.AbstractContextLoader - Could not detect default resource locations for test class [com.yubron.board.springboot.web.HelloControllerTest]: no resource found for suffixes {-context.xml, Context.groovy}.
20:35:14.210 [Test worker] INFO org.springframework.test.context.support.AnnotationConfigContextLoaderUtils - Could not detect default configuration classes for test class [com.yubron.board.springboot.web.HelloControllerTest]: HelloControllerTest does not declare any static, non-private, non-final, nested classes annotated with @Configuration.
20:35:14.523 [Test worker] DEBUG org.springframework.test.context.support.ActiveProfilesUtils - Could not find an 'annotation declaring class' for annotation type [org.springframework.test.context.ActiveProfiles] and class [com.yubron.board.springboot.web.HelloControllerTest]
20:35:15.070 [Test worker] DEBUG org.springframework.context.annotation.ClassPathScanningCandidateComponentProvider - Identified candidate component class: file [/Users/jinsuyu/IdeaProjects/springboot/build/classes/java/main/com/yubron/board/springboot/Application.class]
20:35:15.074 [Test worker] INFO org.springframework.boot.test.context.SpringBootTestContextBootstrapper - Found @SpringBootConfiguration com.yubron.board.springboot.Application for test class com.yubron.board.springboot.web.HelloControllerTest
20:35:15.089 [Test worker] DEBUG org.springframework.boot.test.autoconfigure.web.servlet.WebMvcTestContextBootstrapper - @TestExecutionListeners is not present for class [com.yubron.board.springboot.web.HelloControllerTest]: using defaults.
20:35:15.092 [Test worker] INFO org.springframework.boot.test.autoconfigure.web.servlet.WebMvcTestContextBootstrapper - Loaded default TestExecutionListener class names from location [META-INF/spring.factories]: [org.springframework.security.test.context.support.WithSecurityContextTestExecutionListener, org.springframework.security.test.context.support.ReactorContextTestExecutionListener, org.springframework.boot.test.autoconfigure.restdocs.RestDocsTestExecutionListener, org.springframework.boot.test.autoconfigure.web.client.MockRestServiceServerResetTestExecutionListener, org.springframework.boot.test.autoconfigure.web.servlet.MockMvcPrintOnlyOnFailureTestExecutionListener, org.springframework.boot.test.autoconfigure.web.servlet.WebDriverTestExecutionListener, org.springframework.boot.test.mock.mockito.MockitoTestExecutionListener, org.springframework.boot.test.mock.mockito.ResetMocksTestExecutionListener, org.springframework.test.context.web.ServletTestExecutionListener, org.springframework.test.context.support.DirtiesContextBeforeModesTestExecutionListener, org.springframework.test.context.support.DependencyInjectionTestExecutionListener, org.springframework.test.context.support.DirtiesContextTestExecutionListener, org.springframework.test.context.transaction.TransactionalTestExecutionListener, org.springframework.test.context.jdbc.SqlScriptsTestExecutionListener]
20:35:15.158 [Test worker] INFO org.springframework.boot.test.autoconfigure.web.servlet.WebMvcTestContextBootstrapper - Using TestExecutionListeners: [org.springframework.test.context.web.ServletTestExecutionListener@30539d18, org.springframework.test.context.support.DirtiesContextBeforeModesTestExecutionListener@59e85db8, org.springframework.boot.test.mock.mockito.MockitoTestExecutionListener@782cabf8, org.springframework.boot.test.autoconfigure.SpringBootDependencyInjectionTestExecutionListener@e1fcb5b, org.springframework.test.context.support.DirtiesContextTestExecutionListener@22882cdd, org.springframework.test.context.transaction.TransactionalTestExecutionListener@3996b0a9, org.springframework.test.context.jdbc.SqlScriptsTestExecutionListener@2478af08, org.springframework.security.test.context.support.WithSecurityContextTestExecutionListener@54cdedcf, org.springframework.security.test.context.support.ReactorContextTestExecutionListener@3740cd4f, org.springframework.boot.test.autoconfigure.restdocs.RestDocsTestExecutionListener@3bdf20f6, org.springframework.boot.test.autoconfigure.web.client.MockRestServiceServerResetTestExecutionListener@5abed86a, org.springframework.boot.test.autoconfigure.web.servlet.MockMvcPrintOnlyOnFailureTestExecutionListener@6126f567, org.springframework.boot.test.autoconfigure.web.servlet.WebDriverTestExecutionListener@503d76b9, org.springframework.boot.test.mock.mockito.ResetMocksTestExecutionListener@12a724d8]
20:35:15.164 [Test worker] DEBUG org.springframework.test.annotation.ProfileValueUtils - Retrieved @ProfileValueSourceConfiguration [null] for test class [com.yubron.board.springboot.web.HelloControllerTest]
20:35:15.165 [Test worker] DEBUG org.springframework.test.annotation.ProfileValueUtils - Retrieved ProfileValueSource type [class org.springframework.test.annotation.SystemProfileValueSource] for class [com.yubron.board.springboot.web.HelloControllerTest]
20:35:15.167 [Test worker] DEBUG org.springframework.test.annotation.ProfileValueUtils - Retrieved @ProfileValueSourceConfiguration [null] for test class [com.yubron.board.springboot.web.HelloControllerTest]
20:35:15.167 [Test worker] DEBUG org.springframework.test.annotation.ProfileValueUtils - Retrieved ProfileValueSource type [class org.springframework.test.annotation.SystemProfileValueSource] for class [com.yubron.board.springboot.web.HelloControllerTest]
20:35:15.220 [Test worker] DEBUG org.springframework.test.context.support.AbstractDirtiesContextTestExecutionListener - Before test class: context [DefaultTestContext@79457680 testClass = HelloControllerTest, testInstance = [null], testMethod = [null], testException = [null], mergedContextConfiguration = [WebMergedContextConfiguration@52a12eaf testClass = HelloControllerTest, locations = '{}', classes = '{class com.yubron.board.springboot.Application}', contextInitializerClasses = '[]', activeProfiles = '{}', propertySourceLocations = '{}', propertySourceProperties = '{org.springframework.boot.test.autoconfigure.web.servlet.WebMvcTestContextBootstrapper=true}', contextCustomizers = set[org.springframework.boot.test.autoconfigure.OverrideAutoConfigurationContextCustomizerFactory$DisableAutoConfigurationContextCustomizer@2fdf894e, org.springframework.boot.test.autoconfigure.filter.TypeExcludeFiltersContextCustomizer@e84670d5, org.springframework.boot.test.autoconfigure.properties.PropertyMappingContextCustomizer@cd1e116, org.springframework.boot.test.autoconfigure.web.servlet.WebDriverContextCustomizerFactory$Customizer@112b670e, [ImportsContextCustomizer@35e090e8 key = [org.springframework.boot.autoconfigure.cache.CacheAutoConfiguration, org.springframework.boot.autoconfigure.context.MessageSourceAutoConfiguration, org.springframework.boot.autoconfigure.data.web.SpringDataWebAutoConfiguration, org.springframework.boot.autoconfigure.freemarker.FreeMarkerAutoConfiguration, org.springframework.boot.autoconfigure.groovy.template.GroovyTemplateAutoConfiguration, org.springframework.boot.autoconfigure.gson.GsonAutoConfiguration, org.springframework.boot.autoconfigure.hateoas.HypermediaAutoConfiguration, org.springframework.boot.autoconfigure.http.HttpMessageConvertersAutoConfiguration, org.springframework.boot.autoconfigure.jackson.JacksonAutoConfiguration, org.springframework.boot.autoconfigure.jsonb.JsonbAutoConfiguration, org.springframework.boot.autoconfigure.mustache.MustacheAutoConfiguration, org.springframework.boot.autoconfigure.task.TaskExecutionAutoConfiguration, org.springframework.boot.autoconfigure.thymeleaf.ThymeleafAutoConfiguration, org.springframework.boot.autoconfigure.validation.ValidationAutoConfiguration, org.springframework.boot.autoconfigure.web.servlet.error.ErrorMvcAutoConfiguration, org.springframework.boot.autoconfigure.web.servlet.WebMvcAutoConfiguration, org.springframework.boot.test.autoconfigure.web.servlet.MockMvcAutoConfiguration, org.springframework.boot.test.autoconfigure.web.servlet.MockMvcSecurityAutoConfiguration, org.springframework.boot.test.autoconfigure.web.servlet.MockMvcWebClientAutoConfiguration, org.springframework.boot.test.autoconfigure.web.servlet.MockMvcWebDriverAutoConfiguration]], org.springframework.boot.test.context.filter.ExcludeFilterContextCustomizer@563b44f9, org.springframework.boot.test.json.DuplicateJsonObjectContextCustomizerFactory$DuplicateJsonObjectContextCustomizer@1016f6f4, org.springframework.boot.test.mock.mockito.MockitoContextCustomizer@0], resourceBasePath = 'src/main/webapp', contextLoader = 'org.springframework.boot.test.context.SpringBootContextLoader', parent = [null]], attributes = map[[empty]]], class annotated with @DirtiesContext [false] with mode [null].
20:35:15.240 [Test worker] DEBUG org.springframework.test.annotation.ProfileValueUtils - Retrieved @ProfileValueSourceConfiguration [null] for test class [com.yubron.board.springboot.web.HelloControllerTest]
20:35:15.241 [Test worker] DEBUG org.springframework.test.annotation.ProfileValueUtils - Retrieved ProfileValueSource type [class org.springframework.test.annotation.SystemProfileValueSource] for class [com.yubron.board.springboot.web.HelloControllerTest]
20:35:15.257 [Test worker] DEBUG org.springframework.test.context.support.DependencyInjectionTestExecutionListener - Performing dependency injection for test context [[DefaultTestContext@79457680 testClass = HelloControllerTest, testInstance = com.yubron.board.springboot.web.HelloControllerTest@3d51a5ca, testMethod = [null], testException = [null], mergedContextConfiguration = [WebMergedContextConfiguration@52a12eaf testClass = HelloControllerTest, locations = '{}', classes = '{class com.yubron.board.springboot.Application}', contextInitializerClasses = '[]', activeProfiles = '{}', propertySourceLocations = '{}', propertySourceProperties = '{org.springframework.boot.test.autoconfigure.web.servlet.WebMvcTestContextBootstrapper=true}', contextCustomizers = set[org.springframework.boot.test.autoconfigure.OverrideAutoConfigurationContextCustomizerFactory$DisableAutoConfigurationContextCustomizer@2fdf894e, org.springframework.boot.test.autoconfigure.filter.TypeExcludeFiltersContextCustomizer@e84670d5, org.springframework.boot.test.autoconfigure.properties.PropertyMappingContextCustomizer@cd1e116, org.springframework.boot.test.autoconfigure.web.servlet.WebDriverContextCustomizerFactory$Customizer@112b670e, [ImportsContextCustomizer@35e090e8 key = [org.springframework.boot.autoconfigure.cache.CacheAutoConfiguration, org.springframework.boot.autoconfigure.context.MessageSourceAutoConfiguration, org.springframework.boot.autoconfigure.data.web.SpringDataWebAutoConfiguration, org.springframework.boot.autoconfigure.freemarker.FreeMarkerAutoConfiguration, org.springframework.boot.autoconfigure.groovy.template.GroovyTemplateAutoConfiguration, org.springframework.boot.autoconfigure.gson.GsonAutoConfiguration, org.springframework.boot.autoconfigure.hateoas.HypermediaAutoConfiguration, org.springframework.boot.autoconfigure.http.HttpMessageConvertersAutoConfiguration, org.springframework.boot.autoconfigure.jackson.JacksonAutoConfiguration, org.springframework.boot.autoconfigure.jsonb.JsonbAutoConfiguration, org.springframework.boot.autoconfigure.mustache.MustacheAutoConfiguration, org.springframework.boot.autoconfigure.task.TaskExecutionAutoConfiguration, org.springframework.boot.autoconfigure.thymeleaf.ThymeleafAutoConfiguration, org.springframework.boot.autoconfigure.validation.ValidationAutoConfiguration, org.springframework.boot.autoconfigure.web.servlet.error.ErrorMvcAutoConfiguration, org.springframework.boot.autoconfigure.web.servlet.WebMvcAutoConfiguration, org.springframework.boot.test.autoconfigure.web.servlet.MockMvcAutoConfiguration, org.springframework.boot.test.autoconfigure.web.servlet.MockMvcSecurityAutoConfiguration, org.springframework.boot.test.autoconfigure.web.servlet.MockMvcWebClientAutoConfiguration, org.springframework.boot.test.autoconfigure.web.servlet.MockMvcWebDriverAutoConfiguration]], org.springframework.boot.test.context.filter.ExcludeFilterContextCustomizer@563b44f9, org.springframework.boot.test.json.DuplicateJsonObjectContextCustomizerFactory$DuplicateJsonObjectContextCustomizer@1016f6f4, org.springframework.boot.test.mock.mockito.MockitoContextCustomizer@0], resourceBasePath = 'src/main/webapp', contextLoader = 'org.springframework.boot.test.context.SpringBootContextLoader', parent = [null]], attributes = map[[empty]]]].
20:35:15.760 [Test worker] DEBUG org.springframework.test.context.support.TestPropertySourceUtils - Adding inlined properties to environment: {spring.jmx.enabled=false, org.springframework.boot.test.autoconfigure.web.servlet.WebMvcTestContextBootstrapper=true, server.port=-1}

  .   ____          _            __ _ _
 /\\ / ___'_ __ _ _(_)_ __  __ _ \ \ \ \
( ( )\___ | '_ | '_| | '_ \/ _` | \ \ \ \
 \\/  ___)| |_)| | | | | || (_| |  ) ) ) )
  '  |____| .__|_| |_|_| |_\__, | / / / /
 =========|_|==============|___/=/_/_/_/
 :: Spring Boot ::        (v2.1.7.RELEASE)

2020-08-03 20:35:31.570  INFO 72502 --- [    Test worker] c.y.b.s.web.HelloControllerTest          : Starting HelloControllerTest on jinui-MacBookPro.local with PID 72502 (started by jinsuyu in /Users/jinsuyu/IdeaProjects/springboot)
2020-08-03 20:35:31.574  INFO 72502 --- [    Test worker] c.y.b.s.web.HelloControllerTest          : No active profile set, falling back to default profiles: default
2020-08-03 20:35:34.787  INFO 72502 --- [    Test worker] o.s.s.concurrent.ThreadPoolTaskExecutor  : Initializing ExecutorService 'applicationTaskExecutor'
2020-08-03 20:35:35.108  INFO 72502 --- [    Test worker] o.s.b.a.w.s.WelcomePageHandlerMapping    : Adding welcome page template: index
2020-08-03 20:35:35.833  INFO 72502 --- [    Test worker] .s.s.UserDetailsServiceAutoConfiguration : 

Using generated security password: 267d3dfd-2a51-4382-8954-3637a5d3fc65

2020-08-03 20:35:36.162  INFO 72502 --- [    Test worker] o.s.s.web.DefaultSecurityFilterChain     : Creating filter chain: any request, [org.springframework.security.web.context.request.async.WebAsyncManagerIntegrationFilter@2ef60653, org.springframework.security.web.context.SecurityContextPersistenceFilter@595b3273, org.springframework.security.web.header.HeaderWriterFilter@4543a605, org.springframework.security.web.csrf.CsrfFilter@1e1b4809, org.springframework.security.web.authentication.logout.LogoutFilter@68960d8a, org.springframework.security.web.authentication.UsernamePasswordAuthenticationFilter@7c34e57a, org.springframework.security.web.authentication.ui.DefaultLoginPageGeneratingFilter@6075c72e, org.springframework.security.web.authentication.ui.DefaultLogoutPageGeneratingFilter@8a732c7, org.springframework.security.web.authentication.www.BasicAuthenticationFilter@6541b288, org.springframework.security.web.savedrequest.RequestCacheAwareFilter@179db515, org.springframework.security.web.servletapi.SecurityContextHolderAwareRequestFilter@6cc1c500, org.springframework.security.web.authentication.AnonymousAuthenticationFilter@779d5bfc, org.springframework.security.web.session.SessionManagementFilter@5ab4a5ec, org.springframework.security.web.access.ExceptionTranslationFilter@3c9b762a, org.springframework.security.web.access.intercept.FilterSecurityInterceptor@615c59bd]
2020-08-03 20:35:36.230  INFO 72502 --- [    Test worker] o.s.b.t.m.w.SpringBootMockServletContext : Initializing Spring TestDispatcherServlet ''
2020-08-03 20:35:36.230  INFO 72502 --- [    Test worker] o.s.t.web.servlet.TestDispatcherServlet  : Initializing Servlet ''
2020-08-03 20:35:36.251  INFO 72502 --- [    Test worker] o.s.t.web.servlet.TestDispatcherServlet  : Completed initialization in 21 ms
2020-08-03 20:35:36.317  INFO 72502 --- [    Test worker] c.y.b.s.web.HelloControllerTest          : Started HelloControllerTest in 20.475 seconds (JVM running for 24.039)
]]></system-out>
  <system-err><![CDATA[]]></system-err>
</testsuite>
