<?xml version="1.0" encoding="UTF-8"?>
<testsuite name="com.yubron.board.springboot.domain.posts.PostsRepositoryTest" tests="2" skipped="0" failures="0" errors="0" timestamp="2020-08-03T11:36:21" hostname="jinui-MacBookPro.local" time="0.097">
  <properties/>
  <testcase name="게시글저장_불러오기" classname="com.yubron.board.springboot.domain.posts.PostsRepositoryTest" time="0.042"/>
  <testcase name="BaseTimeEntity_등록" classname="com.yubron.board.springboot.domain.posts.PostsRepositoryTest" time="0.047"/>
  <system-out><![CDATA[2020-08-03 20:36:03.952  INFO 72502 --- [    Test worker] .b.t.c.SpringBootTestContextBootstrapper : Neither @ContextConfiguration nor @ContextHierarchy found for test class [com.yubron.board.springboot.domain.posts.PostsRepositoryTest], using SpringBootContextLoader
2020-08-03 20:36:03.953  INFO 72502 --- [    Test worker] o.s.t.c.support.AbstractContextLoader    : Could not detect default resource locations for test class [com.yubron.board.springboot.domain.posts.PostsRepositoryTest]: no resource found for suffixes {-context.xml, Context.groovy}.
2020-08-03 20:36:03.954  INFO 72502 --- [    Test worker] t.c.s.AnnotationConfigContextLoaderUtils : Could not detect default configuration classes for test class [com.yubron.board.springboot.domain.posts.PostsRepositoryTest]: PostsRepositoryTest does not declare any static, non-private, non-final, nested classes annotated with @Configuration.
2020-08-03 20:36:03.980  INFO 72502 --- [    Test worker] .b.t.c.SpringBootTestContextBootstrapper : Found @SpringBootConfiguration com.yubron.board.springboot.Application for test class com.yubron.board.springboot.domain.posts.PostsRepositoryTest
2020-08-03 20:36:03.984  INFO 72502 --- [    Test worker] .b.t.c.SpringBootTestContextBootstrapper : Loaded default TestExecutionListener class names from location [META-INF/spring.factories]: [org.springframework.security.test.context.support.WithSecurityContextTestExecutionListener, org.springframework.security.test.context.support.ReactorContextTestExecutionListener, org.springframework.boot.test.autoconfigure.restdocs.RestDocsTestExecutionListener, org.springframework.boot.test.autoconfigure.web.client.MockRestServiceServerResetTestExecutionListener, org.springframework.boot.test.autoconfigure.web.servlet.MockMvcPrintOnlyOnFailureTestExecutionListener, org.springframework.boot.test.autoconfigure.web.servlet.WebDriverTestExecutionListener, org.springframework.boot.test.mock.mockito.MockitoTestExecutionListener, org.springframework.boot.test.mock.mockito.ResetMocksTestExecutionListener, org.springframework.test.context.web.ServletTestExecutionListener, org.springframework.test.context.support.DirtiesContextBeforeModesTestExecutionListener, org.springframework.test.context.support.DependencyInjectionTestExecutionListener, org.springframework.test.context.support.DirtiesContextTestExecutionListener, org.springframework.test.context.transaction.TransactionalTestExecutionListener, org.springframework.test.context.jdbc.SqlScriptsTestExecutionListener]
2020-08-03 20:36:03.987  INFO 72502 --- [    Test worker] .b.t.c.SpringBootTestContextBootstrapper : Using TestExecutionListeners: [org.springframework.test.context.web.ServletTestExecutionListener@4ece5e11, org.springframework.test.context.support.DirtiesContextBeforeModesTestExecutionListener@6ff4baf5, org.springframework.boot.test.mock.mockito.MockitoTestExecutionListener@27c527b3, org.springframework.boot.test.autoconfigure.SpringBootDependencyInjectionTestExecutionListener@6787c68a, org.springframework.test.context.support.DirtiesContextTestExecutionListener@5b8522bd, org.springframework.test.context.transaction.TransactionalTestExecutionListener@11ec182a, org.springframework.test.context.jdbc.SqlScriptsTestExecutionListener@1f9a5d1b, org.springframework.security.test.context.support.WithSecurityContextTestExecutionListener@46706bf4, org.springframework.security.test.context.support.ReactorContextTestExecutionListener@3492294d, org.springframework.boot.test.autoconfigure.restdocs.RestDocsTestExecutionListener@45ce5abd, org.springframework.boot.test.autoconfigure.web.client.MockRestServiceServerResetTestExecutionListener@8f1b59a, org.springframework.boot.test.autoconfigure.web.servlet.MockMvcPrintOnlyOnFailureTestExecutionListener@4d9b40bb, org.springframework.boot.test.autoconfigure.web.servlet.WebDriverTestExecutionListener@6866c004, org.springframework.boot.test.mock.mockito.ResetMocksTestExecutionListener@5fca7407]

  .   ____          _            __ _ _
 /\\ / ___'_ __ _ _(_)_ __  __ _ \ \ \ \
( ( )\___ | '_ | '_| | '_ \/ _` | \ \ \ \
 \\/  ___)| |_)| | | | | || (_| |  ) ) ) )
  '  |____| .__|_| |_|_| |_\__, | / / / /
 =========|_|==============|___/=/_/_/_/
 :: Spring Boot ::        (v2.1.7.RELEASE)

2020-08-03 20:36:19.036  INFO 72502 --- [    Test worker] c.y.b.s.d.posts.PostsRepositoryTest      : Starting PostsRepositoryTest on jinui-MacBookPro.local with PID 72502 (started by jinsuyu in /Users/jinsuyu/IdeaProjects/springboot)
2020-08-03 20:36:19.036  INFO 72502 --- [    Test worker] c.y.b.s.d.posts.PostsRepositoryTest      : No active profile set, falling back to default profiles: default
2020-08-03 20:36:19.324  INFO 72502 --- [    Test worker] .s.d.r.c.RepositoryConfigurationDelegate : Bootstrapping Spring Data repositories in DEFAULT mode.
2020-08-03 20:36:19.345  INFO 72502 --- [    Test worker] .s.d.r.c.RepositoryConfigurationDelegate : Finished Spring Data repository scanning in 21ms. Found 2 repository interfaces.
2020-08-03 20:36:19.501  INFO 72502 --- [    Test worker] trationDelegate$BeanPostProcessorChecker : Bean 'org.springframework.transaction.annotation.ProxyTransactionManagementConfiguration' of type [org.springframework.transaction.annotation.ProxyTransactionManagementConfiguration$$EnhancerBySpringCGLIB$$422e801e] is not eligible for getting processed by all BeanPostProcessors (for example: not eligible for auto-proxying)
2020-08-03 20:36:19.619  INFO 72502 --- [    Test worker] com.zaxxer.hikari.HikariDataSource       : HikariPool-2 - Starting...
2020-08-03 20:36:19.622  INFO 72502 --- [    Test worker] com.zaxxer.hikari.HikariDataSource       : HikariPool-2 - Start completed.
2020-08-03 20:36:19.670  INFO 72502 --- [    Test worker] o.hibernate.jpa.internal.util.LogHelper  : HHH000204: Processing PersistenceUnitInfo [
	name: default
	...]
2020-08-03 20:36:19.681  INFO 72502 --- [    Test worker] org.hibernate.dialect.Dialect            : HHH000400: Using dialect: org.hibernate.dialect.H2Dialect
Hibernate: drop table posts if exists
Hibernate: drop table user if exists
Hibernate: create table posts (id bigint generated by default as identity, created_date timestamp, modified_date timestamp, author varchar(255), content TEXT not null, title varchar(500) not null, primary key (id))
Hibernate: create table user (id bigint generated by default as identity, created_date timestamp, modified_date timestamp, email varchar(255) not null, name varchar(255) not null, picture varchar(255), role varchar(255) not null, primary key (id))
2020-08-03 20:36:19.763  INFO 72502 --- [    Test worker] o.h.t.schema.internal.SchemaCreatorImpl  : HHH000476: Executing import script 'org.hibernate.tool.schema.internal.exec.ScriptSourceInputNonExistentImpl@19dd7df1'
2020-08-03 20:36:19.763  INFO 72502 --- [    Test worker] j.LocalContainerEntityManagerFactoryBean : Initialized JPA EntityManagerFactory for persistence unit 'default'
2020-08-03 20:36:20.033  INFO 72502 --- [    Test worker] o.h.h.i.QueryTranslatorFactoryInitiator  : HHH000397: Using ASTQueryTranslatorFactory
2020-08-03 20:36:20.234  INFO 72502 --- [    Test worker] o.s.s.web.DefaultSecurityFilterChain     : Creating filter chain: any request, [org.springframework.security.web.context.request.async.WebAsyncManagerIntegrationFilter@3bce5bbd, org.springframework.security.web.context.SecurityContextPersistenceFilter@122f18f4, org.springframework.security.web.header.HeaderWriterFilter@1e2dee50, org.springframework.security.web.authentication.logout.LogoutFilter@3bfc088b, org.springframework.security.oauth2.client.web.OAuth2AuthorizationRequestRedirectFilter@24ce66c, org.springframework.security.oauth2.client.web.OAuth2LoginAuthenticationFilter@1d2cb8c0, org.springframework.security.web.authentication.ui.DefaultLoginPageGeneratingFilter@51fe52f8, org.springframework.security.web.authentication.ui.DefaultLogoutPageGeneratingFilter@792a9b4b, org.springframework.security.web.savedrequest.RequestCacheAwareFilter@2f20c0c6, org.springframework.security.web.servletapi.SecurityContextHolderAwareRequestFilter@5e0ee41c, org.springframework.security.web.authentication.AnonymousAuthenticationFilter@1c307d84, org.springframework.security.web.session.SessionManagementFilter@4c286af7, org.springframework.security.web.access.ExceptionTranslationFilter@936808f, org.springframework.security.web.access.intercept.FilterSecurityInterceptor@2ead916e]
2020-08-03 20:36:20.593  INFO 72502 --- [    Test worker] o.s.s.concurrent.ThreadPoolTaskExecutor  : Initializing ExecutorService 'applicationTaskExecutor'
2020-08-03 20:36:20.611  WARN 72502 --- [    Test worker] aWebConfiguration$JpaWebMvcConfiguration : spring.jpa.open-in-view is enabled by default. Therefore, database queries may be performed during view rendering. Explicitly configure spring.jpa.open-in-view to disable this warning
2020-08-03 20:36:20.651  INFO 72502 --- [    Test worker] o.s.b.a.w.s.WelcomePageHandlerMapping    : Adding welcome page template: index
2020-08-03 20:36:21.186  INFO 72502 --- [    Test worker] s.a.ScheduledAnnotationBeanPostProcessor : No TaskScheduler/ScheduledExecutorService bean found for scheduled processing
2020-08-03 20:36:21.189  INFO 72502 --- [    Test worker] c.y.b.s.d.posts.PostsRepositoryTest      : Started PostsRepositoryTest in 17.198 seconds (JVM running for 68.91)
Hibernate: insert into posts (id, created_date, modified_date, author, content, title) values (null, ?, ?, ?, ?, ?)
Hibernate: select posts0_.id as id1_0_, posts0_.created_date as created_2_0_, posts0_.modified_date as modified3_0_, posts0_.author as author4_0_, posts0_.content as content5_0_, posts0_.title as title6_0_ from posts posts0_
Hibernate: select posts0_.id as id1_0_, posts0_.created_date as created_2_0_, posts0_.modified_date as modified3_0_, posts0_.author as author4_0_, posts0_.content as content5_0_, posts0_.title as title6_0_ from posts posts0_
Hibernate: delete from posts where id=?
Hibernate: insert into posts (id, created_date, modified_date, author, content, title) values (null, ?, ?, ?, ?, ?)
Hibernate: select posts0_.id as id1_0_, posts0_.created_date as created_2_0_, posts0_.modified_date as modified3_0_, posts0_.author as author4_0_, posts0_.content as content5_0_, posts0_.title as title6_0_ from posts posts0_
>>>>>>>>>> createDate = 2020-08-03T20:36:21.253modified Date = 2020-08-03T20:36:21.253
Hibernate: select posts0_.id as id1_0_, posts0_.created_date as created_2_0_, posts0_.modified_date as modified3_0_, posts0_.author as author4_0_, posts0_.content as content5_0_, posts0_.title as title6_0_ from posts posts0_
Hibernate: delete from posts where id=?
]]></system-out>
  <system-err><![CDATA[]]></system-err>
</testsuite>
